<?xml version="1.0" encoding="utf-8"?><testsuites><testsuite name="pytest" errors="0" failures="0" skipped="0" tests="6" time="13.949" timestamp="2022-08-29T09:39:55.528193" hostname="OLI-OMEN"><testcase classname="bumpversion" name="FLAKE8" time="0.053" /><testcase classname="src.pyconverters_grobid.__init__" name="FLAKE8" time="0.023" /><testcase classname="src.pyconverters_grobid.grobid" name="FLAKE8" time="0.093" /><testcase classname="tests.test_grobid" name="FLAKE8" time="0.035" /><testcase classname="tests.test_grobid" name="test_grobid_pdf" time="3.672" /><testcase classname="tests.test_grobid" name="test_grobid_list" time="9.729" /></testsuite></testsuites>